Using pre-set license
Built from '2020.3/staging' branch; Version is '2020.3.11f1 (99c7afb366b3) revision 10078127'; Using compiler version '192528614'; Build Type 'Release'
OS: 'Windows 10 Pro; OS build 19042.1083; Version 2009; 64bit' Language: 'en' Physical Memory: 16216 MB
BatchMode: 1, IsHumanControllingUs: 0, StartBugReporterOnCrash: 0, Is64bit: 1, IsPro: 0

 COMMAND LINE ARGUMENTS:
C:\Program Files\Unity\Hub\Editor\2020.3.11f1\Editor\Unity.exe
-adb2
-batchMode
-noUpm
-name
AssetImportWorker0
-projectPath
C:/Users/tea.dogandzic/UnityProjects/3D/CityBuilder
-logFile
Logs/AssetImportWorker0.log
-srvPort
60154
Successfully changed project path to: C:/Users/tea.dogandzic/UnityProjects/3D/CityBuilder
C:/Users/tea.dogandzic/UnityProjects/3D/CityBuilder
Using Asset Import Pipeline V2.
Refreshing native plugins compatible for Editor in 98.85 ms, found 2 plugins.
Preloading 0 native plugins for Editor in 0.00 ms.
Initialize engine version: 2020.3.11f1 (99c7afb366b3)
[Subsystems] Discovering subsystems at path C:/Program Files/Unity/Hub/Editor/2020.3.11f1/Editor/Data/Resources/UnitySubsystems
[Subsystems] Discovering subsystems at path C:/Users/tea.dogandzic/UnityProjects/3D/CityBuilder/Assets
GfxDevice: creating device client; threaded=0
Direct3D:
    Version:  Direct3D 11.0 [level 11.1]
    Renderer: Intel(R) UHD Graphics 620 (ID=0x5917)
    Vendor:   
    VRAM:     8108 MB
    Driver:   27.20.100.8681
Initialize mono
Mono path[0] = 'C:/Program Files/Unity/Hub/Editor/2020.3.11f1/Editor/Data/Managed'
Mono path[1] = 'C:/Program Files/Unity/Hub/Editor/2020.3.11f1/Editor/Data/MonoBleedingEdge/lib/mono/unityjit'
Mono config path = 'C:/Program Files/Unity/Hub/Editor/2020.3.11f1/Editor/Data/MonoBleedingEdge/etc'
Using monoOptions --debugger-agent=transport=dt_socket,embedding=1,server=y,suspend=n,address=127.0.0.1:56344
Begin MonoManager ReloadAssembly
Registering precompiled unity dll's ...
Register platform support module: C:/Program Files/Unity/Hub/Editor/2020.3.11f1/Editor/Data/PlaybackEngines/WebGLSupport/UnityEditor.WebGL.Extensions.dll
Register platform support module: C:/Program Files/Unity/Hub/Editor/2020.3.11f1/Editor/Data/PlaybackEngines/WindowsStandaloneSupport/UnityEditor.WindowsStandalone.Extensions.dll
Registered in 0.004153 seconds.
Native extension for WindowsStandalone target not found
Native extension for WebGL target not found
Refreshing native plugins compatible for Editor in 81.95 ms, found 2 plugins.
Preloading 0 native plugins for Editor in 0.00 ms.
Mono: successfully reloaded assembly
- Completed reload, in  4.874 seconds
Platform modules already initialized, skipping
Registering precompiled user dll's ...
Registered in 0.009119 seconds.
Begin MonoManager ReloadAssembly
Native extension for WindowsStandalone target not found
Native extension for WebGL target not found
Refreshing native plugins compatible for Editor in 0.62 ms, found 2 plugins.
Preloading 0 native plugins for Editor in 0.00 ms.
Mono: successfully reloaded assembly
- Completed reload, in  3.448 seconds
Platform modules already initialized, skipping
========================================================================
Worker process is ready to serve import requests
Launched and connected shader compiler UnityShaderCompiler.exe after 0.18 seconds
Refreshing native plugins compatible for Editor in 1.00 ms, found 2 plugins.
Preloading 0 native plugins for Editor in 0.00 ms.
Unloading 1949 Unused Serialized files (Serialized files now loaded: 0)
System memory in use before: 94.8 MB.
System memory in use after: 94.9 MB.

Unloading 19 unused Assets to reduce memory usage. Loaded Objects now: 2390.
Total: 4.686200 ms (FindLiveObjects: 0.458200 ms CreateObjectMapping: 0.173000 ms MarkObjects: 3.859900 ms  DeleteObjects: 0.193100 ms)

========================================================================
Received Import Request.
  path: Assets/Scripts/GameManager.cs
  artifactKey: Guid(fa1801ec54616f34ca470e5353794002) Importer(815301076,1909f56bfc062723c751e8b465ee728b)
Start importing Assets/Scripts/GameManager.cs using Guid(fa1801ec54616f34ca470e5353794002) Importer(815301076,1909f56bfc062723c751e8b465ee728b)  -> (artifact id: '7ab006587d7f5f8781502fe6ca6ba4e7') in 0.080699 seconds
  Import took 0.089758 seconds .

========================================================================
Received Import Request.
  Time since last request: 2704.497811 seconds.
  path: Assets/Scripts/GridStructure.cs
  artifactKey: Guid(f85f724505787a34495773ecd6c14d42) Importer(815301076,1909f56bfc062723c751e8b465ee728b)
Start importing Assets/Scripts/GridStructure.cs using Guid(f85f724505787a34495773ecd6c14d42) Importer(815301076,1909f56bfc062723c751e8b465ee728b)  -> (artifact id: '7d395bc78eced38dbfdaac01659cc396') in 0.005359 seconds
  Import took 0.018074 seconds .

========================================================================
Received Import Request.
  Time since last request: 0.001698 seconds.
  path: Assets/Scripts/GridStructure.cs
  artifactKey: Guid(f85f724505787a34495773ecd6c14d42) Importer(815301076,1909f56bfc062723c751e8b465ee728b)
Start importing Assets/Scripts/GridStructure.cs using Guid(f85f724505787a34495773ecd6c14d42) Importer(815301076,1909f56bfc062723c751e8b465ee728b)  -> (artifact id: '7d395bc78eced38dbfdaac01659cc396') in 0.005086 seconds
  Import took 0.012890 seconds .

========================================================================
Received Import Request.
  Time since last request: 0.454020 seconds.
  path: Assets/Scripts/InputManager.cs
  artifactKey: Guid(e04f05d975aec374aa10b0720aaec008) Importer(815301076,1909f56bfc062723c751e8b465ee728b)
Start importing Assets/Scripts/InputManager.cs using Guid(e04f05d975aec374aa10b0720aaec008) Importer(815301076,1909f56bfc062723c751e8b465ee728b)  -> (artifact id: '6032b467f9af6be8a391f000853bd1a6') in 0.004668 seconds
  Import took 0.010522 seconds .

========================================================================
Received Import Request.
  Time since last request: 0.001581 seconds.
  path: Assets/Scripts/InputManager.cs
  artifactKey: Guid(e04f05d975aec374aa10b0720aaec008) Importer(815301076,1909f56bfc062723c751e8b465ee728b)
Start importing Assets/Scripts/InputManager.cs using Guid(e04f05d975aec374aa10b0720aaec008) Importer(815301076,1909f56bfc062723c751e8b465ee728b)  -> (artifact id: '6032b467f9af6be8a391f000853bd1a6') in 0.004358 seconds
  Import took 0.010759 seconds .

========================================================================
Received Import Request.
  Time since last request: 0.476558 seconds.
  path: Assets/Scripts/PlacementManager.cs
  artifactKey: Guid(33cab46cd74b95f42acaf1d544f6814a) Importer(815301076,1909f56bfc062723c751e8b465ee728b)
Start importing Assets/Scripts/PlacementManager.cs using Guid(33cab46cd74b95f42acaf1d544f6814a) Importer(815301076,1909f56bfc062723c751e8b465ee728b)  -> (artifact id: 'db376d95e1fbad28ef057030795b2b91') in 0.004225 seconds
  Import took 0.011159 seconds .

========================================================================
Received Import Request.
  Time since last request: 0.002606 seconds.
  path: Assets/Scripts/PlacementManager.cs
  artifactKey: Guid(33cab46cd74b95f42acaf1d544f6814a) Importer(815301076,1909f56bfc062723c751e8b465ee728b)
Start importing Assets/Scripts/PlacementManager.cs using Guid(33cab46cd74b95f42acaf1d544f6814a) Importer(815301076,1909f56bfc062723c751e8b465ee728b)  -> (artifact id: 'db376d95e1fbad28ef057030795b2b91') in 0.003828 seconds
  Import took 0.010488 seconds .

========================================================================
Received Import Request.
  Time since last request: 29.511559 seconds.
  path: Assets/Scripts/Cell.cs
  artifactKey: Guid(5afe749fc97c9634a94c8499a2155b42) Importer(815301076,1909f56bfc062723c751e8b465ee728b)
Start importing Assets/Scripts/Cell.cs using Guid(5afe749fc97c9634a94c8499a2155b42) Importer(815301076,1909f56bfc062723c751e8b465ee728b)  -> (artifact id: '75e4a3cca25798fb39d4092f1599b0b1') in 0.004140 seconds
  Import took 0.011439 seconds .

========================================================================
Received Import Request.
  Time since last request: 0.002772 seconds.
  path: Assets/Scripts/Cell.cs
  artifactKey: Guid(5afe749fc97c9634a94c8499a2155b42) Importer(815301076,1909f56bfc062723c751e8b465ee728b)
Start importing Assets/Scripts/Cell.cs using Guid(5afe749fc97c9634a94c8499a2155b42) Importer(815301076,1909f56bfc062723c751e8b465ee728b)  -> (artifact id: '75e4a3cca25798fb39d4092f1599b0b1') in 0.004913 seconds
  Import took 0.010525 seconds .

========================================================================
Received Import Request.
  Time since last request: 3862.429877 seconds.
  path: Assets/Icons UI/file eps/Icons UI.eps
  artifactKey: Guid(acd6d835a2403e54ea0db539b7ba2211) Importer(815301076,1909f56bfc062723c751e8b465ee728b)
Start importing Assets/Icons UI/file eps/Icons UI.eps using Guid(acd6d835a2403e54ea0db539b7ba2211) Importer(815301076,1909f56bfc062723c751e8b465ee728b)  -> (artifact id: '4273b96bb9f4b302757fc6fb63d80b6e') in 0.212978 seconds
  Import took 0.256875 seconds .

========================================================================
Received Import Request.
  Time since last request: 23.678058 seconds.
  path: Assets/easy UI emerald - default.unity
  artifactKey: Guid(b1c56176553646c429757732476a41c3) Importer(815301076,1909f56bfc062723c751e8b465ee728b)
Start importing Assets/easy UI emerald - default.unity using Guid(b1c56176553646c429757732476a41c3) Importer(815301076,1909f56bfc062723c751e8b465ee728b)  -> (artifact id: 'c2d6541e1809d83c3aedde348e3f4634') in 0.008624 seconds
  Import took 0.014603 seconds .

========================================================================
Received Import Request.
  Time since last request: 655.217251 seconds.
  path: Assets/Scenes/BuildingMechanicPrototype.unity
  artifactKey: Guid(254a81562a631094581aa5000ecd4bbc) Importer(815301076,1909f56bfc062723c751e8b465ee728b)
Start importing Assets/Scenes/BuildingMechanicPrototype.unity using Guid(254a81562a631094581aa5000ecd4bbc) Importer(815301076,1909f56bfc062723c751e8b465ee728b)  -> (artifact id: 'c106a45a03a01455352e591801fa9246') in 0.006774 seconds
  Import took 0.017701 seconds .

========================================================================
Received Prepare
Registering precompiled user dll's ...
Registered in 0.034951 seconds.
Begin MonoManager ReloadAssembly
Native extension for WindowsStandalone target not found
Native extension for WebGL target not found
Refreshing native plugins compatible for Editor in 1.42 ms, found 2 plugins.
Preloading 0 native plugins for Editor in 0.00 ms.
Mono: successfully reloaded assembly
- Completed reload, in  4.631 seconds
Platform modules already initialized, skipping
Refreshing native plugins compatible for Editor in 0.90 ms, found 2 plugins.
Preloading 0 native plugins for Editor in 0.00 ms.
Unloading 1880 Unused Serialized files (Serialized files now loaded: 0)
System memory in use before: 88.5 MB.
System memory in use after: 88.6 MB.

Unloading 14 unused Assets to reduce memory usage. Loaded Objects now: 2393.
Total: 4.014400 ms (FindLiveObjects: 0.663600 ms CreateObjectMapping: 0.152400 ms MarkObjects: 2.983800 ms  DeleteObjects: 0.210200 ms)

AssetImportWorkerClient::OnTransportError - code=2 error=End of file
